Using pre-set license
Built from '2020.3/staging' branch; Version is '2020.3.28f1 (f5400f52e03f) revision 16072719'; Using compiler version '192528614'; Build Type 'Release'
OS: 'Windows 10  (10.0.19044) 64bit Core' Language: 'tr' Physical Memory: 16210 MB
BatchMode: 1, IsHumanControllingUs: 0, StartBugReporterOnCrash: 0, Is64bit: 1, IsPro: 0

COMMAND LINE ARGUMENTS:
C:\Program Files\Unity 2020.3.28f1\Editor\Unity.exe
-adb2
-batchMode
-noUpm
-name
AssetImportWorker0
-projectPath
C:/Users/kutlu/source/repos/coin-trader
-logFile
Logs/AssetImportWorker0.log
-srvPort
52172
Successfully changed project path to: C:/Users/kutlu/source/repos/coin-trader
C:/Users/kutlu/source/repos/coin-trader
Using Asset Import Pipeline V2.
Refreshing native plugins compatible for Editor in 42.34 ms, found 3 plugins.
Preloading 0 native plugins for Editor in 0.00 ms.
Initialize engine version: 2020.3.28f1 (f5400f52e03f)
[Subsystems] Discovering subsystems at path C:/Program Files/Unity 2020.3.28f1/Editor/Data/Resources/UnitySubsystems
[Subsystems] Discovering subsystems at path C:/Users/kutlu/source/repos/coin-trader/Assets
GfxDevice: creating device client; threaded=0
Direct3D:
    Version:  Direct3D 11.0 [level 11.1]
    Renderer: NVIDIA GeForce GTX 1080 (ID=0x1b80)
    Vendor:   
    VRAM:     8079 MB
    Driver:   30.0.14.7196
Initialize mono
Mono path[0] = 'C:/Program Files/Unity 2020.3.28f1/Editor/Data/Managed'
Mono path[1] = 'C:/Program Files/Unity 2020.3.28f1/Editor/Data/MonoBleedingEdge/lib/mono/unityjit'
Mono config path = 'C:/Program Files/Unity 2020.3.28f1/Editor/Data/MonoBleedingEdge/etc'
Using monoOptions --debugger-agent=transport=dt_socket,embedding=1,server=y,suspend=n,address=127.0.0.1:56592
Begin MonoManager ReloadAssembly
Registering precompiled unity dll's ...
Register platform support module: C:/Program Files/Unity 2020.3.28f1/Editor/Data/PlaybackEngines/WindowsStandaloneSupport/UnityEditor.WindowsStandalone.Extensions.dll
Registered in 0.002133 seconds.
Native extension for WindowsStandalone target not found
Refreshing native plugins compatible for Editor in 38.74 ms, found 3 plugins.
Preloading 0 native plugins for Editor in 0.00 ms.
Mono: successfully reloaded assembly
- Completed reload, in  0.566 seconds
Domain Reload Profiling:
	ReloadAssembly (567ms)
		BeginReloadAssembly (63ms)
			ExecutionOrderSort (0ms)
			DisableScriptedObjects (0ms)
			BackupInstance (0ms)
			ReleaseScriptingObjects (0ms)
			CreateAndSetChildDomain (1ms)
		EndReloadAssembly (435ms)
			LoadAssemblies (61ms)
			RebuildTransferFunctionScriptingTraits (0ms)
			SetupTypeCache (136ms)
			ReleaseScriptCaches (0ms)
			RebuildScriptCaches (34ms)
			SetupLoadedEditorAssemblies (167ms)
				LogAssemblyErrors (0ms)
				InitializePlatformSupportModulesInManaged (4ms)
				SetLoadedEditorAssemblies (0ms)
				RefreshPlugins (39ms)
				BeforeProcessingInitializeOnLoad (16ms)
				ProcessInitializeOnLoadAttributes (81ms)
				ProcessInitializeOnLoadMethodAttributes (27ms)
				AfterProcessingInitializeOnLoad (0ms)
				EditorAssembliesLoaded (0ms)
			ExecutionOrderSort2 (0ms)
			AwakeInstancesAfterBackupRestoration (0ms)
Platform modules already initialized, skipping
Registering precompiled user dll's ...
Registered in 0.005090 seconds.
Begin MonoManager ReloadAssembly
Native extension for WindowsStandalone target not found
Refreshing native plugins compatible for Editor in 39.66 ms, found 3 plugins.
Preloading 0 native plugins for Editor in 0.00 ms.
Mono: successfully reloaded assembly
- Completed reload, in  1.101 seconds
Domain Reload Profiling:
	ReloadAssembly (1101ms)
		BeginReloadAssembly (144ms)
			ExecutionOrderSort (0ms)
			DisableScriptedObjects (5ms)
			BackupInstance (0ms)
			ReleaseScriptingObjects (0ms)
			CreateAndSetChildDomain (17ms)
		EndReloadAssembly (900ms)
			LoadAssemblies (97ms)
			RebuildTransferFunctionScriptingTraits (0ms)
			SetupTypeCache (291ms)
			ReleaseScriptCaches (0ms)
			RebuildScriptCaches (52ms)
			SetupLoadedEditorAssemblies (350ms)
				LogAssemblyErrors (0ms)
				InitializePlatformSupportModulesInManaged (3ms)
				SetLoadedEditorAssemblies (0ms)
				RefreshPlugins (40ms)
				BeforeProcessingInitializeOnLoad (87ms)
				ProcessInitializeOnLoadAttributes (196ms)
				ProcessInitializeOnLoadMethodAttributes (17ms)
				AfterProcessingInitializeOnLoad (7ms)
				EditorAssembliesLoaded (0ms)
			ExecutionOrderSort2 (0ms)
			AwakeInstancesAfterBackupRestoration (6ms)
Platform modules already initialized, skipping
========================================================================
Worker process is ready to serve import requests
Launched and connected shader compiler UnityShaderCompiler.exe after 0.09 seconds
Refreshing native plugins compatible for Editor in 0.66 ms, found 3 plugins.
Preloading 0 native plugins for Editor in 0.00 ms.
Unloading 2198 Unused Serialized files (Serialized files now loaded: 0)
System memory in use before: 95.8 MB.
System memory in use after: 95.9 MB.

Unloading 28 unused Assets to reduce memory usage. Loaded Objects now: 2631.
Total: 4.418700 ms (FindLiveObjects: 0.164100 ms CreateObjectMapping: 0.080700 ms MarkObjects: 4.107000 ms  DeleteObjects: 0.065600 ms)

AssetImportParameters requested are different than current active one (requested -> active):
  custom:framework-win-MediaFoundation: 216162199b28c13a410421893ffa2e32 -> 
  custom:video-decoder-ogg-theora: a1e56fd34408186e4bbccfd4996cb3dc -> 
  custom:container-muxer-webm: aa71ff27fc2769a1b78a27578f13a17b -> 
  custom:container-demuxer-webm: 4f35f7cbe854078d1ac9338744f61a02 -> 
  custom:container-demuxer-ogg: 62fdf1f143b41e24485cea50d1cbac27 -> 
  custom:video-encoder-webm-vp8: eb34c28f22e8b96e1ab97ce403110664 -> 
  custom:video-codec-MediaFoundation-h265: 746d11721c4dcdbdad8f713fa42b33f4 -> 
  custom:video-decoder-webm-vp8: 9c59270c3fd7afecdb556c50c9e8de78 -> 
  custom:audio-decoder-ogg-vorbis: bf7c407c2cedff20999df2af8eb42d56 -> 
  custom:audio-encoder-webm-vorbis: bf7c407c2cedff20999df2af8eb42d56 -> 
========================================================================
Received Import Request.
  path: Assets/Levels
  artifactKey: Guid(b81ffb34cf27a65468d48a5a6fe1f616) Importer(815301076,1909f56bfc062723c751e8b465ee728b)
Start importing Assets/Levels using Guid(b81ffb34cf27a65468d48a5a6fe1f616) Importer(815301076,1909f56bfc062723c751e8b465ee728b)  -> (artifact id: '1983dd50f7d5cb0f5887786bdc13400f') in 0.010364 seconds 
  Import took 0.015333 seconds .

========================================================================
Received Import Request.
  Time since last request: 147.879955 seconds.
  path: Assets/Levels/Level.cs
  artifactKey: Guid(ef2fccc6ff9999a4aab19c49563912ee) Importer(815301076,1909f56bfc062723c751e8b465ee728b)
Start importing Assets/Levels/Level.cs using Guid(ef2fccc6ff9999a4aab19c49563912ee) Importer(815301076,1909f56bfc062723c751e8b465ee728b)  -> (artifact id: '3f03b6f5ef91cb0f970edefecf5dd79d') in 0.051162 seconds 
  Import took 0.054853 seconds .

========================================================================
Received Prepare
Registering precompiled user dll's ...
Registered in 0.004741 seconds.
Begin MonoManager ReloadAssembly
Native extension for WindowsStandalone target not found
Refreshing native plugins compatible for Editor in 0.41 ms, found 3 plugins.
Preloading 0 native plugins for Editor in 0.00 ms.
Mono: successfully reloaded assembly
- Completed reload, in  0.971 seconds
Domain Reload Profiling:
	ReloadAssembly (971ms)
		BeginReloadAssembly (114ms)
			ExecutionOrderSort (0ms)
			DisableScriptedObjects (7ms)
			BackupInstance (0ms)
			ReleaseScriptingObjects (0ms)
			CreateAndSetChildDomain (32ms)
		EndReloadAssembly (799ms)
			LoadAssemblies (93ms)
			RebuildTransferFunctionScriptingTraits (0ms)
			SetupTypeCache (268ms)
			ReleaseScriptCaches (1ms)
			RebuildScriptCaches (48ms)
			SetupLoadedEditorAssemblies (300ms)
				LogAssemblyErrors (0ms)
				InitializePlatformSupportModulesInManaged (4ms)
				SetLoadedEditorAssemblies (0ms)
				RefreshPlugins (0ms)
				BeforeProcessingInitializeOnLoad (90ms)
				ProcessInitializeOnLoadAttributes (188ms)
				ProcessInitializeOnLoadMethodAttributes (10ms)
				AfterProcessingInitializeOnLoad (7ms)
				EditorAssembliesLoaded (0ms)
			ExecutionOrderSort2 (0ms)
			AwakeInstancesAfterBackupRestoration (8ms)
Platform modules already initialized, skipping
Refreshing native plugins compatible for Editor in 0.38 ms, found 3 plugins.
Preloading 0 native plugins for Editor in 0.00 ms.
Unloading 2188 Unused Serialized files (Serialized files now loaded: 0)
System memory in use before: 95.2 MB.
System memory in use after: 95.4 MB.

Unloading 17 unused Assets to reduce memory usage. Loaded Objects now: 2634.
Total: 2.561300 ms (FindLiveObjects: 0.155200 ms CreateObjectMapping: 0.059200 ms MarkObjects: 2.330600 ms  DeleteObjects: 0.015800 ms)

AssetImportParameters requested are different than current active one (requested -> active):
  custom:framework-win-MediaFoundation: 216162199b28c13a410421893ffa2e32 -> 
  custom:video-decoder-ogg-theora: a1e56fd34408186e4bbccfd4996cb3dc -> 
  custom:container-muxer-webm: aa71ff27fc2769a1b78a27578f13a17b -> 
  custom:container-demuxer-webm: 4f35f7cbe854078d1ac9338744f61a02 -> 
  custom:container-demuxer-ogg: 62fdf1f143b41e24485cea50d1cbac27 -> 
  custom:video-encoder-webm-vp8: eb34c28f22e8b96e1ab97ce403110664 -> 
  custom:video-codec-MediaFoundation-h265: 746d11721c4dcdbdad8f713fa42b33f4 -> 
  custom:video-decoder-webm-vp8: 9c59270c3fd7afecdb556c50c9e8de78 -> 
  custom:audio-decoder-ogg-vorbis: bf7c407c2cedff20999df2af8eb42d56 -> 
  custom:audio-encoder-webm-vorbis: bf7c407c2cedff20999df2af8eb42d56 -> 
========================================================================
Received Import Request.
  Time since last request: 134.667966 seconds.
  path: Assets/Levels/NewBehaviourScript.cs
  artifactKey: Guid(6ac620ee0211be940b955810d510b67e) Importer(815301076,1909f56bfc062723c751e8b465ee728b)
Start importing Assets/Levels/NewBehaviourScript.cs using Guid(6ac620ee0211be940b955810d510b67e) Importer(815301076,1909f56bfc062723c751e8b465ee728b)  -> (artifact id: '44f64e561f3c640a5304f477620ae0aa') in 0.010485 seconds 
  Import took 0.014008 seconds .

========================================================================
Received Import Request.
  Time since last request: 13.196917 seconds.
  path: Assets/Scripts
  artifactKey: Guid(60e1ab75fe2c4f449b1129157049a878) Importer(815301076,1909f56bfc062723c751e8b465ee728b)
Start importing Assets/Scripts using Guid(60e1ab75fe2c4f449b1129157049a878) Importer(815301076,1909f56bfc062723c751e8b465ee728b)  -> (artifact id: '8a483c6fb7acf5f96e4ff1e62826ffec') in 0.007734 seconds 
  Import took 0.013231 seconds .

========================================================================
Received Import Request.
  Time since last request: 4.188084 seconds.
  path: Assets/Prefabs/CoinPanel.prefab
  artifactKey: Guid(d0a638ed4cff3f94ca32b436986a5961) Importer(815301076,1909f56bfc062723c751e8b465ee728b)
Start importing Assets/Prefabs/CoinPanel.prefab using Guid(d0a638ed4cff3f94ca32b436986a5961) Importer(815301076,1909f56bfc062723c751e8b465ee728b)  -> (artifact id: '0928f0facd773c0121d0e81c1d800108') in 0.050352 seconds 
  Import took 0.053768 seconds .

========================================================================
Received Import Request.
  Time since last request: 11.193334 seconds.
  path: Assets/Scenes/Coin Panel.unity
  artifactKey: Guid(a305b43497e74d149b4f83fe0cf84f25) Importer(815301076,1909f56bfc062723c751e8b465ee728b)
Start importing Assets/Scenes/Coin Panel.unity using Guid(a305b43497e74d149b4f83fe0cf84f25) Importer(815301076,1909f56bfc062723c751e8b465ee728b)  -> (artifact id: '0aa313858633940680f75cca6a6fb3f2') in 0.010001 seconds 
  Import took 0.013293 seconds .

========================================================================
Received Import Request.
  Time since last request: 3.793021 seconds.
  path: Assets/Scenes/SampleScene.unity
  artifactKey: Guid(2cda990e2423bbf4892e6590ba056729) Importer(815301076,1909f56bfc062723c751e8b465ee728b)
Start importing Assets/Scenes/SampleScene.unity using Guid(2cda990e2423bbf4892e6590ba056729) Importer(815301076,1909f56bfc062723c751e8b465ee728b)  -> (artifact id: '415906b972d097251b06c7ec55a9cb6b') in 0.007866 seconds 
  Import took 0.011387 seconds .

========================================================================
Received Import Request.
  Time since last request: 2.661473 seconds.
  path: Assets/Sprites/Objectiives
  artifactKey: Guid(e6cee2f87849b1d44ac1ec4c3e045503) Importer(815301076,1909f56bfc062723c751e8b465ee728b)
Start importing Assets/Sprites/Objectiives using Guid(e6cee2f87849b1d44ac1ec4c3e045503) Importer(815301076,1909f56bfc062723c751e8b465ee728b)  -> (artifact id: 'b2b31daa84f188d43506c4e78beacf63') in 0.007961 seconds 
  Import took 0.012010 seconds .

========================================================================
Received Import Request.
  Time since last request: 1.132016 seconds.
  path: Assets/Sprites/UI/Top Panel.png
  artifactKey: Guid(9e0f395b7398bd24caba63b8df4f91ed) Importer(815301076,1909f56bfc062723c751e8b465ee728b)
Start importing Assets/Sprites/UI/Top Panel.png using Guid(9e0f395b7398bd24caba63b8df4f91ed) Importer(815301076,1909f56bfc062723c751e8b465ee728b)  -> (artifact id: '1705663f20ff54ee883acb9a85bd4bd8') in 0.149187 seconds 
  Import took 0.153017 seconds .

========================================================================
Received Import Request.
  Time since last request: 18.186156 seconds.
  path: Assets/Scripts/Game.cs
  artifactKey: Guid(3fa0c04901e4ae14f98a28a581f44467) Importer(815301076,1909f56bfc062723c751e8b465ee728b)
Start importing Assets/Scripts/Game.cs using Guid(3fa0c04901e4ae14f98a28a581f44467) Importer(815301076,1909f56bfc062723c751e8b465ee728b)  -> (artifact id: 'ffca15ac07636d0a197d94c8a94d1cb8') in 0.006221 seconds 
  Import took 0.009151 seconds .

========================================================================
Received Import Request.
  Time since last request: 8.171662 seconds.
  path: Assets/Scripts/GameManager.cs
  artifactKey: Guid(3fa0c04901e4ae14f98a28a581f44467) Importer(815301076,1909f56bfc062723c751e8b465ee728b)
Start importing Assets/Scripts/GameManager.cs using Guid(3fa0c04901e4ae14f98a28a581f44467) Importer(815301076,1909f56bfc062723c751e8b465ee728b)  -> (artifact id: '929530fb5bc1cf8bb2904321166cbe12') in 0.006129 seconds 
  Import took 0.009358 seconds .

========================================================================
Received Import Request.
  Time since last request: 502.399607 seconds.
  path: Assets/Scripts/GameManager.cs
  artifactKey: Guid(3fa0c04901e4ae14f98a28a581f44467) Importer(815301076,1909f56bfc062723c751e8b465ee728b)
Start importing Assets/Scripts/GameManager.cs using Guid(3fa0c04901e4ae14f98a28a581f44467) Importer(815301076,1909f56bfc062723c751e8b465ee728b)  -> (artifact id: '2db07c4082ca3815f99723cb0a9d295f') in 0.003083 seconds 
  Import took 0.006912 seconds .

AssetImportWorkerClient::OnTransportError - code=2 error=End of file
